<?xml version="1.0"?>
<testsuite name="Cucumber" time="4.135" tests="16" skipped="0" failures="0" errors="0" timestamp="2025-03-23T15:30:55.279Z">
  <testcase classname="Inventory Service Item API Endpoints Validation" name="Create item with invalid data" time="0.082">
    <system-out><![CDATA[When I send a POST request to "/items" with invalid data:...................passed
Then the response status should be 400......................................passed
And the response should contain validation errors:..........................passed]]></system-out>
  </testcase>
  <testcase classname="Inventory Service Item API Endpoints Validation" name="Get item with non-existing ID - #1.1" time="0.072">
    <system-out><![CDATA[When I send a GET request to "/items/00000000-0000-0000-0000-000000000000"..passed
Then the response status should be 404......................................passed
And the response should contain error message "Item not found with id: 00000000-0000-0000-0000-000000000000"..passed]]></system-out>
  </testcase>
  <testcase classname="Inventory Service Item API Endpoints Validation" name="Get item with non-existing ID - #1.2" time="0.081">
    <system-out><![CDATA[When I send a GET request to "/items/11111111-1111-1111-1111-111111111111"..passed
Then the response status should be 404......................................passed
And the response should contain error message "Item not found with id: 11111111-1111-1111-1111-111111111111"..passed]]></system-out>
  </testcase>
  <testcase classname="Inventory Service Item API Endpoints Validation" name="Get item with non-existing ID - #1.3" time="0.027">
    <system-out><![CDATA[When I send a GET request to "/items/22222222-2222-2222-2222-222222222222"..passed
Then the response status should be 404......................................passed
And the response should contain error message "Item not found with id: 22222222-2222-2222-2222-222222222222"..passed]]></system-out>
  </testcase>
  <testcase classname="Inventory Service Item API Endpoints Validation" name="Update item with invalid data" time="0.028">
    <system-out><![CDATA[When I send a PUT request to "/items/00000000-0000-0000-0000-000000000000" with invalid data:..passed
Then the response status should be 400......................................passed
And the response should contain validation errors:..........................passed]]></system-out>
  </testcase>
  <testcase classname="Inventory Service Item API Endpoints Validation" name="Update non-existing item - #1.1" time="0.023">
    <system-out><![CDATA[When I send a PUT request to "/items/00000000-0000-0000-0000-000000000000" with valid data:..passed
Then the response status should be 404......................................passed
And the response should contain error message "Item not found with id: 00000000-0000-0000-0000-000000000000"..passed]]></system-out>
  </testcase>
  <testcase classname="Inventory Service Item API Endpoints Validation" name="Update non-existing item - #1.2" time="0.028">
    <system-out><![CDATA[When I send a PUT request to "/items/11111111-1111-1111-1111-111111111111" with valid data:..passed
Then the response status should be 404......................................passed
And the response should contain error message "Item not found with id: 11111111-1111-1111-1111-111111111111"..passed]]></system-out>
  </testcase>
  <testcase classname="Inventory Service Item API Endpoints Validation" name="Update non-existing item - #1.3" time="0.026">
    <system-out><![CDATA[When I send a PUT request to "/items/22222222-2222-2222-2222-222222222222" with valid data:..passed
Then the response status should be 404......................................passed
And the response should contain error message "Item not found with id: 22222222-2222-2222-2222-222222222222"..passed]]></system-out>
  </testcase>
  <testcase classname="Inventory Service Item API Endpoints Validation" name="Delete non-existing item - #1.1" time="0.025">
    <system-out><![CDATA[When I send a DELETE request to "/items/00000000-0000-0000-0000-000000000000"..passed
Then the response status should be 404......................................passed
And the response should contain error message "Item not found with id: 00000000-0000-0000-0000-000000000000"..passed]]></system-out>
  </testcase>
  <testcase classname="Inventory Service Item API Endpoints Validation" name="Delete non-existing item - #1.2" time="0.024">
    <system-out><![CDATA[When I send a DELETE request to "/items/11111111-1111-1111-1111-111111111111"..passed
Then the response status should be 404......................................passed
And the response should contain error message "Item not found with id: 11111111-1111-1111-1111-111111111111"..passed]]></system-out>
  </testcase>
  <testcase classname="Inventory Service Item API Endpoints Validation" name="Delete non-existing item - #1.3" time="0.024">
    <system-out><![CDATA[When I send a DELETE request to "/items/22222222-2222-2222-2222-222222222222"..passed
Then the response status should be 404......................................passed
And the response should contain error message "Item not found with id: 22222222-2222-2222-2222-222222222222"..passed]]></system-out>
  </testcase>
  <testcase classname="Inventory Service Item API Endpoints Validation" name="Create item with valid data" time="0.021">
    <system-out><![CDATA[When I send a POST request to "/items" with valid data:.....................passed
Then the response status should be 201......................................passed
And the response should contain item details:...............................passed]]></system-out>
  </testcase>
  <testcase classname="Inventory Service Item API Endpoints Validation" name="Get all items with data" time="0.049">
    <system-out><![CDATA[Given I have created an item with data:.....................................passed
When I send a GET request to "/items".......................................passed
Then the response status should be 200......................................passed
And the response should contain items:......................................passed]]></system-out>
  </testcase>
  <testcase classname="Inventory Service Item API Endpoints Validation" name="Get item by ID" time="0.045">
    <system-out><![CDATA[Given I have created an item with data:.....................................passed
When I send a GET request to "/items/{id}" with the created item id.........passed
Then the response status should be 200......................................passed
And the response should contain item details:...............................passed]]></system-out>
  </testcase>
  <testcase classname="Inventory Service Item API Endpoints Validation" name="Update item with valid data" time="0.044">
    <system-out><![CDATA[Given I have created an item with data:.....................................passed
When I send a PUT request to "/items/{id}" with valid data:.................passed
Then the response status should be 200......................................passed
And the response should contain item details:...............................passed]]></system-out>
  </testcase>
  <testcase classname="Inventory Service Item API Endpoints Validation" name="Delete existing item" time="0.035">
    <system-out><![CDATA[Given I have created an item with data:.....................................passed
When I send a DELETE request to "/items/{id}" with the created item id......passed
Then the response status should be 204......................................passed]]></system-out>
  </testcase>
</testsuite>